[140047729297152]: 0123456789
[140047720843008]: 0123456789
[140047712388864]: 0123456789
[140047703934720]: 0123456789
[140047695480576]: 0123456789
[140047687026432]: 0123456789
[140047609169664]: 0123456789
[140047729297152]: 0123456789
[140047720843008]: 0123456789
[140047712388864]: 0123456789
[140047703934720]: 0123456789
[140047695480576]: 0123456789
[140047687026432]: 0123456789
[140047609169664]: 0123456789
[140047729297152]: 0123456789
[140047720843008]: 0123456789
[140047712388864]: 0123456789
[140047703934720]: 0123456789
[140047695480576]: 0123456789
[140047687026432]: 0123456789
[140047609169664]: 0123456789
[140047729297152]: 0123456789
[140047720843008]: 0123456789
[140047712388864]: 0123456789
[140047703934720]: 0123456789
[140047695480576]: 0123456789
[140047687026432]: 0123456789
[140047609169664]: 0123456789
[140047729297152]: 0123456789
[140047600715520]: 0123456789
[140047720843008]: 0123456789
[140047712388864]: 0123456789
[140047592261376]: 0123456789
[140047703934720]: 0123456789
[140047695480576]: 0123456789
[140047687026432]: 0123456789
[140047609169664]: 0123456789
[140047729297152]: 0123456789
[140047600715520]: 0123456789
[140047720843008]: 0123456789
[140047712388864]: 0123456789
[140047592261376]: 0123456789
[140047703934720]: 0123456789
[140047695480576]: 0123456789
[140047687026432]: 0123456789
[140047609169664]: 0123456789
[140047575353088]: 0123456789
[140047583807232]: 0123456789
[140047566898944]: 0123456789
[140047558444800]: 0123456789
[140047541536512]: 0123456789
[140047549990656]: 0123456789
[140047533082368]: 0123456789
[140047729297152]: 0123456789
[140047600715520]: 0123456789
[140047720843008]: 0123456789
[140047712388864]: 0123456789
[140047592261376]: 0123456789
[140047703934720]: 0123456789
[140047695480576]: 0123456789
[140047687026432]: 0123456789
[140047609169664]: 0123456789
[140047575353088]: 0123456789
[140047583807232]: 0123456789
[140047566898944]: 0123456789
[140047558444800]: 0123456789
[140047541536512]: 0123456789
[140047549990656]: 0123456789
[140047533082368]: 0123456789
[140047729297152]: 0123456789
[140047600715520]: 0123456789
[140047720843008]: 0123456789
[140047712388864]: 0123456789
[140047592261376]: 0123456789
[140047703934720]: 0123456789
[140047695480576]: 0123456789
[140047687026432]: 0123456789
[140047609169664]: 0123456789
[140047575353088]: 0123456789
[140047583807232]: 0123456789
[140047566898944]: 0123456789
[140047558444800]: 0123456789
[140047541536512]: 0123456789
[140047549990656]: 0123456789
[140047533082368]: 0123456789
[140047729297152]: 0123456789
[140047600715520]: 0123456789
[140047720843008]: 0123456789
[140047712388864]: 0123456789
[140047592261376]: 0123456789
[140047703934720]: 0123456789
[140047695480576]: 0123456789
[140047687026432]: 0123456789
[140047609169664]: 0123456789
[140047575353088]: 0123456789
[140047583807232]: 0123456789
[140047566898944]: 0123456789
[140047558444800]: 0123456789
[140047541536512]: 0123456789
[140047549990656]: 0123456789
[140047533082368]: 0123456789
[140047729297152]: 0123456789
[140047600715520]: 0123456789
[140047720843008]: 0123456789
[140047712388864]: 0123456789
[140047592261376]: 0123456789
[140047703934720]: 0123456789
[140047695480576]: 0123456789
[140047687026432]: 0123456789
[140047609169664]: 0123456789
[140047575353088]: 0123456789
[140047583807232]: 0123456789
[140047566898944]: 0123456789
[140047558444800]: 0123456789
[140047541536512]: 0123456789
[140047549990656]: 0123456789
[140047533082368]: 0123456789
[140047729297152]: 0123456789
[140047600715520]: 0123456789
[140047720843008]: 0123456789
[140047712388864]: 0123456789
[140047592261376]: 0123456789
[140047703934720]: 0123456789
[140047695480576]: 0123456789
[140047687026432]: 0123456789
[140047609169664]: 0123456789
[140047575353088]: 0123456789
[140047583807232]: 0123456789
[140047566898944]: 0123456789
[140047558444800]: 0123456789
[140047541536512]: 0123456789
[140047549990656]: 0123456789
[140047533082368]: 0123456789
[140047729297152]: 0123456789
[140047600715520]: 0123456789
[140047720843008]: 0123456789
[140047712388864]: 0123456789
[140047592261376]: 0123456789
[140047703934720]: 0123456789
[140047695480576]: 0123456789
[140047687026432]: 0123456789
[140047609169664]: 0123456789
[140047575353088]: 0123456789
[140047583807232]: 0123456789
[140047566898944]: 0123456789
[140047558444800]: 0123456789
[140047541536512]: 0123456789
[140047549990656]: 0123456789
[140047533082368]: 0123456789
[140047729297152]: 0123456789
[140047600715520]: 0123456789
[140047720843008]: 0123456789
[140047712388864]: 0123456789
[140047592261376]: 0123456789
