[139966210901760]: 0123456789
[139966202447616]: 0123456789
[139966193993472]: 0123456789
[139966185539328]: 0123456789
[139966177085184]: 0123456789
[139966168631040]: 0123456789
[139966210901760]: 0123456789
[139966160176896]: 0123456789
[139966151722752]: 0123456789
[139966071899904]: 0123456789
[139966063445760]: 0123456789
[139966054991616]: 0123456789
[139966046537472]: 0123456789
[139966202447616]: 0123456789
[139966038083328]: 0123456789
[139966029629184]: 0123456789
[139966021175040]: 0123456789
[139966012720896]: 0123456789
[139966193993472]: 0123456789
[139966185539328]: 0123456789
[139966177085184]: 0123456789
[139966168631040]: 0123456789
[139966210901760]: 0123456789
[139966160176896]: 0123456789
[139966151722752]: 0123456789
[139966071899904]: 0123456789
[139966063445760]: 0123456789
[139966054991616]: 0123456789
[139966046537472]: 0123456789
[139966202447616]: 0123456789
[139966038083328]: 0123456789
[139966029629184]: 0123456789
[139966021175040]: 0123456789
[139966012720896]: 0123456789
[139966193993472]: 0123456789
[139966185539328]: 0123456789
[139966177085184]: 0123456789
[139966168631040]: 0123456789
[139966210901760]: 0123456789
[139966160176896]: 0123456789
[139966151722752]: 0123456789
[139966071899904]: 0123456789
[139966063445760]: 0123456789
[139966054991616]: 0123456789
[139966046537472]: 0123456789
[139966202447616]: 0123456789
[139966038083328]: 0123456789
[139966029629184]: 0123456789
[139966021175040]: 0123456789
[139966012720896]: 0123456789
[139966193993472]: 0123456789
[139966185539328]: 0123456789
[139966177085184]: 0123456789
[139966168631040]: 0123456789
[139966210901760]: 0123456789
[139966160176896]: 0123456789
[139966151722752]: 0123456789
[139966071899904]: 0123456789
[139966063445760]: 0123456789
[139966054991616]: 0123456789
[139966046537472]: 0123456789
[139966202447616]: 0123456789
[139966038083328]: 0123456789
[139966029629184]: 0123456789
[139966021175040]: 0123456789
[139966012720896]: 0123456789
[139966193993472]: 0123456789
[139966185539328]: 0123456789
[139966177085184]: 0123456789
[139966168631040]: 0123456789
[139966210901760]: 0123456789
[139966160176896]: 0123456789
[139966151722752]: 0123456789
[139966071899904]: 0123456789
[139966063445760]: 0123456789
[139966054991616]: 0123456789
[139966046537472]: 0123456789
[139966202447616]: 0123456789
[139966038083328]: 0123456789
[139966029629184]: 0123456789
[139966021175040]: 0123456789
[139966012720896]: 0123456789
[139966193993472]: 0123456789
[139966185539328]: 0123456789
[139966177085184]: 0123456789
[139966168631040]: 0123456789
[139966210901760]: 0123456789
[139966160176896]: 0123456789
[139966151722752]: 0123456789
[139966071899904]: 0123456789
[139966063445760]: 0123456789
[139966054991616]: 0123456789
[139966046537472]: 0123456789
[139966202447616]: 0123456789
[139966038083328]: 0123456789
[139966029629184]: 0123456789
[139966021175040]: 0123456789
[139966012720896]: 0123456789
[139966193993472]: 0123456789
[139966185539328]: 0123456789
[139966177085184]: 0123456789
[139966168631040]: 0123456789
[139966210901760]: 0123456789
[139966160176896]: 0123456789
[139966151722752]: 0123456789
[139966071899904]: 0123456789
[139966063445760]: 0123456789
[139966054991616]: 0123456789
[139966046537472]: 0123456789
[139966202447616]: 0123456789
[139966038083328]: 0123456789
[139966029629184]: 0123456789
[139966021175040]: 0123456789
[139966012720896]: 0123456789
[139966193993472]: 0123456789
[139966185539328]: 0123456789
[139966177085184]: 0123456789
[139966168631040]: 0123456789
[139966210901760]: 0123456789
[139966160176896]: 0123456789
[139966151722752]: 0123456789
[139966071899904]: 0123456789
[139966063445760]: 0123456789
[139966054991616]: 0123456789
[139966046537472]: 0123456789
[139966202447616]: 0123456789
[139966038083328]: 0123456789
[139966029629184]: 0123456789
[139966021175040]: 0123456789
[139966012720896]: 0123456789
[139966193993472]: 0123456789
[139966185539328]: 0123456789
[139966177085184]: 0123456789
[139966168631040]: 0123456789
[139966210901760]: 0123456789
[139966160176896]: 0123456789
[139966151722752]: 0123456789
[139966071899904]: 0123456789
[139966063445760]: 0123456789
[139966054991616]: 0123456789
[139966046537472]: 0123456789
[139966202447616]: 0123456789
[139966038083328]: 0123456789
[139966029629184]: 0123456789
[139966021175040]: 0123456789
[139966012720896]: 0123456789
[139966193993472]: 0123456789
[139966185539328]: 0123456789
[139966177085184]: 0123456789
[139966168631040]: 0123456789
[139966210901760]: 0123456789
[139966160176896]: 0123456789
[139966151722752]: 0123456789
[139966071899904]: 0123456789
[139966063445760]: 0123456789
[139966054991616]: 0123456789
[139966046537472]: 0123456789
[139966202447616]: 0123456789
[139966038083328]: 0123456789
[139966029629184]: 0123456789
[139966021175040]: 0123456789
[139966012720896]: 0123456789
[139966193993472]: 0123456789
[139966185539328]: 0123456789
[139966177085184]: 0123456789
[139966168631040]: 0123456789
[139966210901760]: 0123456789
[139966160176896]: 0123456789
[139966151722752]: 0123456789
[139966071899904]: 0123456789
[139966063445760]: 0123456789
[139966054991616]: 0123456789
[139966046537472]: 0123456789
[139966202447616]: 0123456789
[139966038083328]: 0123456789
[139966029629184]: 0123456789
[139966021175040]: 0123456789
[139966012720896]: 0123456789
[139966193993472]: 0123456789
[139966185539328]: 0123456789
[139966177085184]: 0123456789
[139966168631040]: 0123456789
[139966210901760]: 0123456789
[139966160176896]: 0123456789
[139966151722752]: 0123456789
[139966071899904]: 0123456789
[139966063445760]: 0123456789
[139966054991616]: 0123456789
[139966046537472]: 0123456789
[139966202447616]: 0123456789
[139966038083328]: 0123456789
[139966029629184]: 0123456789
[139966021175040]: 0123456789
[139966012720896]: 0123456789
[139966193993472]: 0123456789
[139966185539328]: 0123456789
[139966177085184]: 0123456789
[139966168631040]: 0123456789
[139966210901760]: 0123456789
[139966160176896]: 0123456789
[139966151722752]: 0123456789
[139966071899904]: 0123456789
[139966063445760]: 0123456789
[139966054991616]: 0123456789
[139966046537472]: 0123456789
[139966202447616]: 0123456789
[139966038083328]: 0123456789
[139966029629184]: 0123456789
[139966021175040]: 0123456789
[139966012720896]: 0123456789
[139966193993472]: 0123456789
[139966185539328]: 0123456789
[139966177085184]: 0123456789
[139966168631040]: 0123456789
[139966210901760]: 0123456789
[139966160176896]: 0123456789
[139966151722752]: 0123456789
[139966071899904]: 0123456789
[139966063445760]: 0123456789
[139966054991616]: 0123456789
[139966046537472]: 0123456789
[139966202447616]: 0123456789
[139966038083328]: 0123456789
[139966029629184]: 0123456789
[139966021175040]: 0123456789
[139966012720896]: 0123456789
[139966193993472]: 0123456789
[139966185539328]: 0123456789
[139966177085184]: 0123456789
[139966168631040]: 0123456789
[139966210901760]: 0123456789
[139966160176896]: 0123456789
[139966151722752]: 0123456789
[139966071899904]: 0123456789
[139966063445760]: 0123456789
[139966054991616]: 0123456789
[139966046537472]: 0123456789
[139966202447616]: 0123456789
[139966038083328]: 0123456789
[139966029629184]: 0123456789
[139966021175040]: 0123456789
[139966012720896]: 0123456789
[139966193993472]: 0123456789
[139966185539328]: 0123456789
[139966177085184]: 0123456789
[139966168631040]: 0123456789
[139966210901760]: 0123456789
[139966160176896]: 0123456789
[139966151722752]: 0123456789
[139966071899904]: 0123456789
[139966063445760]: 0123456789
[139966054991616]: 0123456789
[139966046537472]: 0123456789
[139966202447616]: 0123456789
[139966038083328]: 0123456789
[139966029629184]: 0123456789
[139966021175040]: 0123456789
[139966012720896]: 0123456789
[139966193993472]: 0123456789
[139966185539328]: 0123456789
[139966177085184]: 0123456789
[139966168631040]: 0123456789
[139966210901760]: 0123456789
[139966160176896]: 0123456789
[139966151722752]: 0123456789
[139966071899904]: 0123456789
[139966063445760]: 0123456789
[139966054991616]: 0123456789
[139966046537472]: 0123456789
[139966202447616]: 0123456789
[139966038083328]: 0123456789
[139966029629184]: 0123456789
[139966021175040]: 0123456789
[139966012720896]: 0123456789
[139966193993472]: 0123456789
[139966185539328]: 0123456789
[139966177085184]: 0123456789
[139966168631040]: 0123456789
[139966210901760]: 0123456789
[139966160176896]: 0123456789
[139966151722752]: 0123456789
[139966071899904]: 0123456789
[139966063445760]: 0123456789
[139966054991616]: 0123456789
[139966046537472]: 0123456789
[139966202447616]: 0123456789
[139966038083328]: 0123456789
[139966029629184]: 0123456789
[139966021175040]: 0123456789
[139966012720896]: 0123456789
[139966193993472]: 0123456789
[139966185539328]: 0123456789
[139966177085184]: 0123456789
[139966168631040]: 0123456789
[139966210901760]: 0123456789
[139966160176896]: 0123456789
[139966151722752]: 0123456789
[139966071899904]: 0123456789
[139966063445760]: 0123456789
[139966054991616]: 0123456789
[139966046537472]: 0123456789
[139966202447616]: 0123456789
